# JRE version: OpenJDK Runtime Environment (8.0_265-b01) (build 1.8.0_265-b01)
# Java VM: OpenJDK 64-Bit Server VM (25.265-b01 mixed mode linux-amd64 compressed oops)
Heap:
 PSYoungGen      total 140800K, used 1642K [0x00000000f5580000, 0x0000000100000000, 0x0000000100000000)
  eden space 110080K, 0% used [0x00000000f5580000,0x00000000f5580000,0x00000000fc100000)
  from space 30720K, 5% used [0x00000000fc100000,0x00000000fc29a988,0x00000000fdf00000)
  to   space 29696K, 0% used [0x00000000fe300000,0x00000000fe300000,0x0000000100000000)
 ParOldGen       total 241664K, used 187393K [0x00000000e0000000, 0x00000000eec00000, 0x00000000f5580000)
  object space 241664K, 77% used [0x00000000e0000000,0x00000000eb700530,0x00000000eec00000)
 Metaspace       used 94585K, capacity 98516K, committed 98600K, reserved 1134592K
  class space    used 12335K, capacity 13210K, committed 13224K, reserved 1048576K
GC Heap History (93 events):
Event: 2.438 GC heap before
{Heap before GC invocations=1 (full 0):
 PSYoungGen      total 76288K, used 65536K [0x00000000f5580000, 0x00000000faa80000, 0x0000000100000000)
  eden space 65536K, 100% used [0x00000000f5580000,0x00000000f9580000,0x00000000f9580000)
  from space 10752K, 0% used [0x00000000fa000000,0x00000000fa000000,0x00000000faa80000)
  to   space 10752K, 0% used [0x00000000f9580000,0x00000000f9580000,0x00000000fa000000)
 ParOldGen       total 175104K, used 0K [0x00000000e0000000, 0x00000000eab00000, 0x00000000f5580000)
  object space 175104K, 0% used [0x00000000e0000000,0x00000000e0000000,0x00000000eab00000)
 Metaspace       used 7822K, capacity 8010K, committed 8192K, reserved 1056768K
  class space    used 957K, capacity 1013K, committed 1024K, reserved 1048576K
Event: 2.445 GC heap after
Heap after GC invocations=1 (full 0):
 PSYoungGen      total 76288K, used 6155K [0x00000000f5580000, 0x00000000faa80000, 0x0000000100000000)
  eden space 65536K, 0% used [0x00000000f5580000,0x00000000f5580000,0x00000000f9580000)
  from space 10752K, 57% used [0x00000000f9580000,0x00000000f9b82c88,0x00000000fa000000)
  to   space 10752K, 0% used [0x00000000fa000000,0x00000000fa000000,0x00000000faa80000)
 ParOldGen       total 175104K, used 16K [0x00000000e0000000, 0x00000000eab00000, 0x00000000f5580000)
  object space 175104K, 0% used [0x00000000e0000000,0x00000000e0004000,0x00000000eab00000)
 Metaspace       used 7822K, capacity 8010K, committed 8192K, reserved 1056768K
  class space    used 957K, capacity 1013K, committed 1024K, reserved 1048576K
}
Event: 3.592 GC heap before
{Heap before GC invocations=2 (full 0):
 PSYoungGen      total 76288K, used 71691K [0x00000000f5580000, 0x00000000faa80000, 0x0000000100000000)
  eden space 65536K, 100% used [0x00000000f5580000,0x00000000f9580000,0x00000000f9580000)
  from space 10752K, 57% used [0x00000000f9580000,0x00000000f9b82c88,0x00000000fa000000)
  to   space 10752K, 0% used [0x00000000fa000000,0x00000000fa000000,0x00000000faa80000)
 ParOldGen       total 175104K, used 16K [0x00000000e0000000, 0x00000000eab00000, 0x00000000f5580000)
  object space 175104K, 0% used [0x00000000e0000000,0x00000000e0004000,0x00000000eab00000)
 Metaspace       used 15314K, capacity 15650K, committed 15872K, reserved 1062912K
  class space    used 2106K, capacity 2237K, committed 2304K, reserved 1048576K
Event: 3.606 GC heap after
Heap after GC invocations=2 (full 0):
 PSYoungGen      total 76288K, used 9831K [0x00000000f5580000, 0x00000000faa80000, 0x0000000100000000)
  eden space 65536K, 0% used [0x00000000f5580000,0x00000000f5580000,0x00000000f9580000)
  from space 10752K, 91% used [0x00000000fa000000,0x00000000fa999ee8,0x00000000faa80000)
  to   space 10752K, 0% used [0x00000000f9580000,0x00000000f9580000,0x00000000fa000000)
 ParOldGen       total 175104K, used 24K [0x00000000e0000000, 0x00000000eab00000, 0x00000000f5580000)
  object space 175104K, 0% used [0x00000000e0000000,0x00000000e0006000,0x00000000eab00000)
 Metaspace       used 15314K, capacity 15650K, committed 15872K, reserved 1062912K
  class space    used 2106K, capacity 2237K, committed 2304K, reserved 1048576K
}
Event: 4.609 GC heap before
{Heap before GC invocations=3 (full 0):
 PSYoungGen      total 76288K, used 61616K [0x00000000f5580000, 0x00000000faa80000, 0x0000000100000000)
  eden space 65536K, 79% used [0x00000000f5580000,0x00000000f88122f0,0x00000000f9580000)
  from space 10752K, 91% used [0x00000000fa000000,0x00000000fa999ee8,0x00000000faa80000)
  to   space 10752K, 0% used [0x00000000f9580000,0x00000000f9580000,0x00000000fa000000)
 ParOldGen       total 175104K, used 24K [0x00000000e0000000, 0x00000000eab00000, 0x00000000f5580000)
  object space 175104K, 0% used [0x00000000e0000000,0x00000000e0006000,0x00000000eab00000)
 Metaspace       used 20715K, capacity 21104K, committed 21296K, reserved 1067008K
  class space    used 2954K, capacity 3106K, committed 3200K, reserved 1048576K
Event: 4.620 GC heap after
Heap after GC invocations=3 (full 0):
 PSYoungGen      total 76288K, used 10736K [0x00000000f5580000, 0x00000000faa80000, 0x0000000100000000)
  eden space 65536K, 0% used [0x00000000f5580000,0x00000000f5580000,0x00000000f9580000)
  from space 10752K, 99% used [0x00000000f9580000,0x00000000f9ffc3a8,0x00000000fa000000)
  to   space 10752K, 0% used [0x00000000fa000000,0x00000000fa000000,0x00000000faa80000)
 ParOldGen       total 175104K, used 581K [0x00000000e0000000, 0x00000000eab00000, 0x00000000f5580000)
  object space 175104K, 0% used [0x00000000e0000000,0x00000000e00917e0,0x00000000eab00000)
 Metaspace       used 20715K, capacity 21104K, committed 21296K, reserved 1067008K
  class space    used 2954K, capacity 3106K, committed 3200K, reserved 1048576K
}
Event: 4.620 GC heap before
{Heap before GC invocations=4 (full 1):
 PSYoungGen      total 76288K, used 10736K [0x00000000f5580000, 0x00000000faa80000, 0x0000000100000000)
  eden space 65536K, 0% used [0x00000000f5580000,0x00000000f5580000,0x00000000f9580000)
  from space 10752K, 99% used [0x00000000f9580000,0x00000000f9ffc3a8,0x00000000fa000000)
  to   space 10752K, 0% used [0x00000000fa000000,0x00000000fa000000,0x00000000faa80000)
 ParOldGen       total 175104K, used 581K [0x00000000e0000000, 0x00000000eab00000, 0x00000000f5580000)
  object space 175104K, 0% used [0x00000000e0000000,0x00000000e00917e0,0x00000000eab00000)
 Metaspace       used 20715K, capacity 21104K, committed 21296K, reserved 1067008K
  class space    used 2954K, capacity 3106K, committed 3200K, reserved 1048576K
Event: 4.709 GC heap after
Heap after GC invocations=4 (full 1):
 PSYoungGen      total 76288K, used 0K [0x00000000f5580000, 0x00000000faa80000, 0x0000000100000000)
  eden space 65536K, 0% used [0x00000000f5580000,0x00000000f5580000,0x00000000f9580000)
  from space 10752K, 0% used [0x00000000f9580000,0x00000000f9580000,0x00000000fa000000)
  to   space 10752K, 0% used [0x00000000fa000000,0x00000000fa000000,0x00000000faa80000)
 ParOldGen       total 175104K, used 10948K [0x00000000e0000000, 0x00000000eab00000, 0x00000000f5580000)
  object space 175104K, 6% used [0x00000000e0000000,0x00000000e0ab13b0,0x00000000eab00000)
 Metaspace       used 20715K, capacity 21104K, committed 21296K, reserved 1067008K
  class space    used 2954K, capacity 3106K, committed 3200K, reserved 1048576K
}
Event: 6.733 GC heap before
{Heap before GC invocations=5 (full 1):
 PSYoungGen      total 76288K, used 65536K [0x00000000f5580000, 0x00000000faa80000, 0x0000000100000000)
  eden space 65536K, 100% used [0x00000000f5580000,0x00000000f9580000,0x00000000f9580000)
  from space 10752K, 0% used [0x00000000f9580000,0x00000000f9580000,0x00000000fa000000)
  to   space 10752K, 0% used [0x00000000fa000000,0x00000000fa000000,0x00000000faa80000)
 ParOldGen       total 175104K, used 10948K [0x00000000e0000000, 0x00000000eab00000, 0x00000000f5580000)
  object space 175104K, 6% used [0x00000000e0000000,0x00000000e0ab13b0,0x00000000eab00000)
 Metaspace       used 29972K, capacity 30544K, committed 30720K, reserved 1075200K
  class space    used 3836K, capacity 4027K, committed 4096K, reserved 1048576K
Event: 6.758 GC heap after
Heap after GC invocations=5 (full 1):
 PSYoungGen      total 76288K, used 8780K [0x00000000f5580000, 0x00000000fc080000, 0x0000000100000000)
  eden space 65536K, 0% used [0x00000000f5580000,0x00000000f5580000,0x00000000f9580000)
  from space 10752K, 81% used [0x00000000fa000000,0x00000000fa8933f0,0x00000000faa80000)
  to   space 10752K, 0% used [0x00000000f9580000,0x00000000f9580000,0x00000000fa000000)
 ParOldGen       total 175104K, used 10956K [0x00000000e0000000, 0x00000000eab00000, 0x00000000f5580000)
  object space 175104K, 6% used [0x00000000e0000000,0x00000000e0ab33b0,0x00000000eab00000)
 Metaspace       used 29972K, capacity 30544K, committed 30720K, reserved 1075200K
  class space    used 3836K, capacity 4027K, committed 4096K, reserved 1048576K
}
Event: 9.061 GC heap before
{Heap before GC invocations=6 (full 1):
 PSYoungGen      total 76288K, used 74316K [0x00000000f5580000, 0x00000000fc080000, 0x0000000100000000)
  eden space 65536K, 100% used [0x00000000f5580000,0x00000000f9580000,0x00000000f9580000)
  from space 10752K, 81% used [0x00000000fa000000,0x00000000fa8933f0,0x00000000faa80000)
  to   space 10752K, 0% used [0x00000000f9580000,0x00000000f9580000,0x00000000fa000000)
 ParOldGen       total 175104K, used 10956K [0x00000000e0000000, 0x00000000eab00000, 0x00000000f5580000)
  object space 175104K, 6% used [0x00000000e0000000,0x00000000e0ab33b0,0x00000000eab00000)
 Metaspace       used 33835K, capacity 34552K, committed 34944K, reserved 1079296K
  class space    used 4385K, capacity 4635K, committed 4736K, reserved 1048576K
Event: 9.079 GC heap after
Heap after GC invocations=6 (full 1):
 PSYoungGen      total 76288K, used 10108K [0x00000000f5580000, 0x00000000fc380000, 0x0000000100000000)
  eden space 65536K, 0% used [0x00000000f5580000,0x00000000f5580000,0x00000000f9580000)
  from space 10752K, 94% used [0x00000000f9580000,0x00000000f9f5f190,0x00000000fa000000)
  to   space 12800K, 0% used [0x00000000fb700000,0x00000000fb700000,0x00000000fc380000)
 ParOldGen       total 175104K, used 10964K [0x00000000e0000000, 0x00000000eab00000, 0x00000000f5580000)
  object space 175104K, 6% used [0x00000000e0000000,0x00000000e0ab53b0,0x00000000eab00000)
 Metaspace       used 33835K, capacity 34552K, committed 34944K, reserved 1079296K
  class space    used 4385K, capacity 4635K, committed 4736K, reserved 1048576K
}
Event: 9.332 GC heap before
{Heap before GC invocations=7 (full 1):
 PSYoungGen      total 76288K, used 35554K [0x00000000f5580000, 0x00000000fc380000, 0x0000000100000000)
  eden space 65536K, 38% used [0x00000000f5580000,0x00000000f6e59898,0x00000000f9580000)
  from space 10752K, 94% used [0x00000000f9580000,0x00000000f9f5f190,0x00000000fa000000)
  to   space 12800K, 0% used [0x00000000fb700000,0x00000000fb700000,0x00000000fc380000)
 ParOldGen       total 175104K, used 10964K [0x00000000e0000000, 0x00000000eab00000, 0x00000000f5580000)
  object space 175104K, 6% used [0x00000000e0000000,0x00000000e0ab53b0,0x00000000eab00000)
 Metaspace       used 34654K, capacity 35338K, committed 35496K, reserved 1079296K
  class space    used 4528K, capacity 4767K, committed 4776K, reserved 1048576K
Event: 9.358 GC heap after
Heap after GC invocations=7 (full 1):
 PSYoungGen      total 100352K, used 8751K [0x00000000f5580000, 0x00000000fd500000, 0x0000000100000000)
  eden space 87552K, 0% used [0x00000000f5580000,0x00000000f5580000,0x00000000fab00000)
  from space 12800K, 68% used [0x00000000fb700000,0x00000000fbf8bcd8,0x00000000fc380000)
  to   space 12288K, 0% used [0x00000000fab00000,0x00000000fab00000,0x00000000fb700000)
 ParOldGen       total 175104K, used 10972K [0x00000000e0000000, 0x00000000eab00000, 0x00000000f5580000)
  object space 175104K, 6% used [0x00000000e0000000,0x00000000e0ab73b0,0x00000000eab00000)
 Metaspace       used 34654K, capacity 35338K, committed 35496K, reserved 1079296K
  class space    used 4528K, capacity 4767K, committed 4776K, reserved 1048576K
}
Event: 9.358 GC heap before
{Heap before GC invocations=8 (full 2):
 PSYoungGen      total 100352K, used 8751K [0x00000000f5580000, 0x00000000fd500000, 0x0000000100000000)
  eden space 87552K, 0% used [0x00000000f5580000,0x00000000f5580000,0x00000000fab00000)
  from space 12800K, 68% used [0x00000000fb700000,0x00000000fbf8bcd8,0x00000000fc380000)
  to   space 12288K, 0% used [0x00000000fab00000,0x00000000fab00000,0x00000000fb700000)
 ParOldGen       total 175104K, used 10972K [0x00000000e0000000, 0x00000000eab00000, 0x00000000f5580000)
  object space 175104K, 6% used [0x00000000e0000000,0x00000000e0ab73b0,0x00000000eab00000)
 Metaspace       used 34654K, capacity 35338K, committed 35496K, reserved 1079296K
  class space    used 4528K, capacity 4767K, committed 4776K, reserved 1048576K
Event: 9.445 GC heap after
Heap after GC invocations=8 (full 2):
 PSYoungGen      total 100352K, used 0K [0x00000000f5580000, 0x00000000fd500000, 0x0000000100000000)
  eden space 87552K, 0% used [0x00000000f5580000,0x00000000f5580000,0x00000000fab00000)
  from space 12800K, 0% used [0x00000000fb700000,0x00000000fb700000,0x00000000fc380000)
  to   space 12288K, 0% used [0x00000000fab00000,0x00000000fab00000,0x00000000fb700000)
 ParOldGen       total 175104K, used 15948K [0x00000000e0000000, 0x00000000eab00000, 0x00000000f5580000)
  object space 175104K, 9% used [0x00000000e0000000,0x00000000e0f93028,0x00000000eab00000)
 Metaspace       used 34536K, capacity 35190K, committed 35496K, reserved 1079296K
  class space    used 4502K, capacity 4719K, committed 4776K, reserved 1048576K
}
Event: 10.550 GC heap before
{Heap before GC invocations=9 (full 2):
 PSYoungGen      total 100352K, used 87552K [0x00000000f5580000, 0x00000000fd500000, 0x0000000100000000)
  eden space 87552K, 100% used [0x00000000f5580000,0x00000000fab00000,0x00000000fab00000)
  from space 12800K, 0% used [0x00000000fb700000,0x00000000fb700000,0x00000000fc380000)
  to   space 12288K, 0% used [0x00000000fab00000,0x00000000fab00000,0x00000000fb700000)
 ParOldGen       total 175104K, used 15948K [0x00000000e0000000, 0x00000000eab00000, 0x00000000f5580000)
  object space 175104K, 9% used [0x00000000e0000000,0x00000000e0f93028,0x00000000eab00000)
 Metaspace       used 40107K, capacity 40994K, committed 41256K, reserved 1085440K
  class space    used 5291K, capacity 5609K, committed 5672K, reserved 1048576K
Event: 10.565 GC heap after
Heap after GC invocations=9 (full 2):
 PSYoungGen      total 99840K, used 8067K [0x00000000f5580000, 0x00000000ff480000, 0x0000000100000000)
  eden space 87552K, 0% used [0x00000000f5580000,0x00000000f5580000,0x00000000fab00000)
  from space 12288K, 65% used [0x00000000fab00000,0x00000000fb2e0de8,0x00000000fb700000)
  to   space 12288K, 0% used [0x00000000fe880000,0x00000000fe880000,0x00000000ff480000)
 ParOldGen       total 175104K, used 15956K [0x00000000e0000000, 0x00000000eab00000, 0x00000000f5580000)
  object space 175104K, 9% used [0x00000000e0000000,0x00000000e0f95028,0x00000000eab00000)
 Metaspace       used 40107K, capacity 40994K, committed 41256K, reserved 1085440K
  class space    used 5291K, capacity 5609K, committed 5672K, reserved 1048576K
}
Event: 31.326 GC heap before
{Heap before GC invocations=10 (full 2):
 PSYoungGen      total 99840K, used 95619K [0x00000000f5580000, 0x00000000ff480000, 0x0000000100000000)
  eden space 87552K, 100% used [0x00000000f5580000,0x00000000fab00000,0x00000000fab00000)
  from space 12288K, 65% used [0x00000000fab00000,0x00000000fb2e0de8,0x00000000fb700000)
  to   space 12288K, 0% used [0x00000000fe880000,0x00000000fe880000,0x00000000ff480000)
 ParOldGen       total 175104K, used 15956K [0x00000000e0000000, 0x00000000eab00000, 0x00000000f5580000)
  object space 175104K, 9% used [0x00000000e0000000,0x00000000e0f95028,0x00000000eab00000)
 Metaspace       used 45582K, capacity 46538K, committed 46888K, reserved 1089536K
  class space    used 5821K, capacity 6085K, committed 6184K, reserved 1048576K
Event: 31.346 GC heap after
Heap after GC invocations=10 (full 2):
 PSYoungGen      total 140800K, used 8675K [0x00000000f5580000, 0x00000000ff100000, 0x0000000100000000)
  eden space 132096K, 0% used [0x00000000f5580000,0x00000000f5580000,0x00000000fd680000)
  from space 8704K, 99% used [0x00000000fe880000,0x00000000ff0f8d90,0x00000000ff100000)
  to   space 11776K, 0% used [0x00000000fda00000,0x00000000fda00000,0x00000000fe580000)
 ParOldGen       total 175104K, used 15972K [0x00000000e0000000, 0x00000000eab00000, 0x00000000f5580000)
  object space 175104K, 9% used [0x00000000e0000000,0x00000000e0f99028,0x00000000eab00000)
 Metaspace       used 45582K, capacity 46538K, committed 46888K, reserved 1089536K
  class space    used 5821K, capacity 6085K, committed 6184K, reserved 1048576K
}
Event: 42.393 GC heap before
{Heap before GC invocations=11 (full 2):
 PSYoungGen      total 140800K, used 140771K [0x00000000f5580000, 0x00000000ff100000, 0x0000000100000000)
  eden space 132096K, 100% used [0x00000000f5580000,0x00000000fd680000,0x00000000fd680000)
  from space 8704K, 99% used [0x00000000fe880000,0x00000000ff0f8d90,0x00000000ff100000)
  to   space 11776K, 0% used [0x00000000fda00000,0x00000000fda00000,0x00000000fe580000)
 ParOldGen       total 175104K, used 15972K [0x00000000e0000000, 0x00000000eab00000, 0x00000000f5580000)
  object space 175104K, 9% used [0x00000000e0000000,0x00000000e0f99028,0x00000000eab00000)
 Metaspace       used 46629K, capacity 47646K, committed 47784K, reserved 1091584K
  class space    used 5899K, capacity 6179K, committed 6312K, reserved 1048576K
Event: 42.404 GC heap after
Heap after GC invocations=11 (full 2):
 PSYoungGen      total 147456K, used 7394K [0x00000000f5580000, 0x0000000100000000, 0x0000000100000000)
  eden space 135680K, 0% used [0x00000000f5580000,0x00000000f5580000,0x00000000fda00000)
  from space 11776K, 62% used [0x00000000fda00000,0x00000000fe138b58,0x00000000fe580000)
  to   space 11776K, 0% used [0x00000000ff480000,0x00000000ff480000,0x0000000100000000)
 ParOldGen       total 175104K, used 16044K [0x00000000e0000000, 0x00000000eab00000, 0x00000000f5580000)
  object space 175104K, 9% used [0x00000000e0000000,0x00000000e0fab038,0x00000000eab00000)
 Metaspace       used 46629K, capacity 47646K, committed 47784K, reserved 1091584K
  class space    used 5899K, capacity 6179K, committed 6312K, reserved 1048576K
}
Event: 47.980 GC heap before
{Heap before GC invocations=12 (full 2):
 PSYoungGen      total 147456K, used 143074K [0x00000000f5580000, 0x0000000100000000, 0x0000000100000000)
  eden space 135680K, 100% used [0x00000000f5580000,0x00000000fda00000,0x00000000fda00000)
  from space 11776K, 62% used [0x00000000fda00000,0x00000000fe138b58,0x00000000fe580000)
  to   space 11776K, 0% used [0x00000000ff480000,0x00000000ff480000,0x0000000100000000)
 ParOldGen       total 175104K, used 16044K [0x00000000e0000000, 0x00000000eab00000, 0x00000000f5580000)
  object space 175104K, 9% used [0x00000000e0000000,0x00000000e0fab038,0x00000000eab00000)
 Metaspace       used 47055K, capacity 48108K, committed 48296K, reserved 1091584K
  class space    used 5935K, capacity 6244K, committed 6312K, reserved 1048576K
Event: 47.988 GC heap after
Heap after GC invocations=12 (full 2):
 PSYoungGen      total 162816K, used 7299K [0x00000000f5580000, 0x0000000100000000, 0x0000000100000000)
  eden space 151040K, 0% used [0x00000000f5580000,0x00000000f5580000,0x00000000fe900000)
  from space 11776K, 61% used [0x00000000ff480000,0x00000000ffba0d18,0x0000000100000000)
  to   space 11776K, 0% used [0x00000000fe900000,0x00000000fe900000,0x00000000ff480000)
 ParOldGen       total 175104K, used 16052K [0x00000000e0000000, 0x00000000eab00000, 0x00000000f5580000)
  object space 175104K, 9% used [0x00000000e0000000,0x00000000e0fad038,0x00000000eab00000)
 Metaspace       used 47055K, capacity 48108K, committed 48296K, reserved 1091584K
  class space    used 5935K, capacity 6244K, committed 6312K, reserved 1048576K
}
Event: 48.937 GC heap before
{Heap before GC invocations=13 (full 2):
 PSYoungGen      total 162816K, used 158339K [0x00000000f5580000, 0x0000000100000000, 0x0000000100000000)
  eden space 151040K, 100% used [0x00000000f5580000,0x00000000fe900000,0x00000000fe900000)
  from space 11776K, 61% used [0x00000000ff480000,0x00000000ffba0d18,0x0000000100000000)
  to   space 11776K, 0% used [0x00000000fe900000,0x00000000fe900000,0x00000000ff480000)
 ParOldGen       total 175104K, used 16052K [0x00000000e0000000, 0x00000000eab00000, 0x00000000f5580000)
  object space 175104K, 9% used [0x00000000e0000000,0x00000000e0fad038,0x00000000eab00000)
 Metaspace       used 47061K, capacity 48108K, committed 48296K, reserved 1091584K
  class space    used 5935K, capacity 6244K, committed 6312K, reserved 1048576K
Event: 48.945 GC heap after
Heap after GC invocations=13 (full 2):
 PSYoungGen      total 159744K, used 8524K [0x00000000f5580000, 0x00000000fff00000, 0x0000000100000000)
  eden space 151040K, 0% used [0x00000000f5580000,0x00000000f5580000,0x00000000fe900000)
  from space 8704K, 97% used [0x00000000fe900000,0x00000000ff1530f0,0x00000000ff180000)
  to   space 11264K, 0% used [0x00000000ff400000,0x00000000ff400000,0x00000000fff00000)
 ParOldGen       total 175104K, used 16052K [0x00000000e0000000, 0x00000000eab00000, 0x00000000f5580000)
  object space 175104K, 9% used [0x00000000e0000000,0x00000000e0fad038,0x00000000eab00000)
 Metaspace       used 47061K, capacity 48108K, committed 48296K, reserved 1091584K
  class space    used 5935K, capacity 6244K, committed 6312K, reserved 1048576K
}
Event: 49.765 GC heap before
{Heap before GC invocations=14 (full 2):
 PSYoungGen      total 159744K, used 159564K [0x00000000f5580000, 0x00000000fff00000, 0x0000000100000000)
  eden space 151040K, 100% used [0x00000000f5580000,0x00000000fe900000,0x00000000fe900000)
  from space 8704K, 97% used [0x00000000fe900000,0x00000000ff1530f0,0x00000000ff180000)
  to   space 11264K, 0% used [0x00000000ff400000,0x00000000ff400000,0x00000000fff00000)
 ParOldGen       total 175104K, used 16052K [0x00000000e0000000, 0x00000000eab00000, 0x00000000f5580000)
  object space 175104K, 9% used [0x00000000e0000000,0x00000000e0fad038,0x00000000eab00000)
 Metaspace       used 47070K, capacity 48172K, committed 48296K, reserved 1091584K
  class space    used 5935K, capacity 6244K, committed 6312K, reserved 1048576K
Event: 49.774 GC heap after
Heap after GC invocations=14 (full 2):
 PSYoungGen      total 162304K, used 7188K [0x00000000f5580000, 0x0000000100000000, 0x0000000100000000)
  eden space 151040K, 0% used [0x00000000f5580000,0x00000000f5580000,0x00000000fe900000)
  from space 11264K, 63% used [0x00000000ff400000,0x00000000ffb05188,0x00000000fff00000)
  to   space 11264K, 0% used [0x00000000fe900000,0x00000000fe900000,0x00000000ff400000)
 ParOldGen       total 175104K, used 16060K [0x00000000e0000000, 0x00000000eab00000, 0x00000000f5580000)
  object space 175104K, 9% used [0x00000000e0000000,0x00000000e0faf038,0x00000000eab00000)
 Metaspace       used 47070K, capacity 48172K, committed 48296K, reserved 1091584K
  class space    used 5935K, capacity 6244K, committed 6312K, reserved 1048576K
}
Event: 51.681 GC heap before
{Heap before GC invocations=15 (full 2):
 PSYoungGen      total 162304K, used 143074K [0x00000000f5580000, 0x0000000100000000, 0x0000000100000000)
  eden space 151040K, 89% used [0x00000000f5580000,0x00000000fda33808,0x00000000fe900000)
  from space 11264K, 63% used [0x00000000ff400000,0x00000000ffb05188,0x00000000fff00000)
  to   space 11264K, 0% used [0x00000000fe900000,0x00000000fe900000,0x00000000ff400000)
 ParOldGen       total 175104K, used 16060K [0x00000000e0000000, 0x00000000eab00000, 0x00000000f5580000)
  object space 175104K, 9% used [0x00000000e0000000,0x00000000e0faf038,0x00000000eab00000)
 Metaspace       used 57544K, capacity 59000K, committed 59160K, reserved 1101824K
  class space    used 7246K, capacity 7630K, committed 7720K, reserved 1048576K
Event: 51.712 GC heap after
Heap after GC invocations=15 (full 2):
 PSYoungGen      total 162304K, used 11251K [0x00000000f5580000, 0x0000000100000000, 0x0000000100000000)
  eden space 151040K, 0% used [0x00000000f5580000,0x00000000f5580000,0x00000000fe900000)
  from space 11264K, 99% used [0x00000000fe900000,0x00000000ff3fcc48,0x00000000ff400000)
  to   space 12288K, 0% used [0x00000000ff400000,0x00000000ff400000,0x0000000100000000)
 ParOldGen       total 175104K, used 25852K [0x00000000e0000000, 0x00000000eab00000, 0x00000000f5580000)
  object space 175104K, 14% used [0x00000000e0000000,0x00000000e193f288,0x00000000eab00000)
 Metaspace       used 57544K, capacity 59000K, committed 59160K, reserved 1101824K
  class space    used 7246K, capacity 7630K, committed 7720K, reserved 1048576K
}
Event: 51.712 GC heap before
{Heap before GC invocations=16 (full 3):
 PSYoungGen      total 162304K, used 11251K [0x00000000f5580000, 0x0000000100000000, 0x0000000100000000)
  eden space 151040K, 0% used [0x00000000f5580000,0x00000000f5580000,0x00000000fe900000)
  from space 11264K, 99% used [0x00000000fe900000,0x00000000ff3fcc48,0x00000000ff400000)
  to   space 12288K, 0% used [0x00000000ff400000,0x00000000ff400000,0x0000000100000000)
 ParOldGen       total 175104K, used 25852K [0x00000000e0000000, 0x00000000eab00000, 0x00000000f5580000)
  object space 175104K, 14% used [0x00000000e0000000,0x00000000e193f288,0x00000000eab00000)
 Metaspace       used 57544K, capacity 59000K, committed 59160K, reserved 1101824K
  class space    used 7246K, capacity 7630K, committed 7720K, reserved 1048576K
Event: 51.933 GC heap after
Heap after GC invocations=16 (full 3):
 PSYoungGen      total 162304K, used 0K [0x00000000f5580000, 0x0000000100000000, 0x0000000100000000)
  eden space 151040K, 0% used [0x00000000f5580000,0x00000000f5580000,0x00000000fe900000)
  from space 11264K, 0% used [0x00000000fe900000,0x00000000fe900000,0x00000000ff400000)
  to   space 12288K, 0% used [0x00000000ff400000,0x00000000ff400000,0x0000000100000000)
 ParOldGen       total 241664K, used 34774K [0x00000000e0000000, 0x00000000eec00000, 0x00000000f5580000)
  object space 241664K, 14% used [0x00000000e0000000,0x00000000e21f5848,0x00000000eec00000)
 Metaspace       used 57432K, capacity 58774K, committed 59160K, reserved 1101824K
  class space    used 7217K, capacity 7579K, committed 7720K, reserved 1048576K
}
Event: 54.729 GC heap before
{Heap before GC invocations=17 (full 3):
 PSYoungGen      total 162304K, used 151040K [0x00000000f5580000, 0x0000000100000000, 0x0000000100000000)
  eden space 151040K, 100% used [0x00000000f5580000,0x00000000fe900000,0x00000000fe900000)
  from space 11264K, 0% used [0x00000000fe900000,0x00000000fe900000,0x00000000ff400000)
  to   space 12288K, 0% used [0x00000000ff400000,0x00000000ff400000,0x0000000100000000)
 ParOldGen       total 241664K, used 34774K [0x00000000e0000000, 0x00000000eec00000, 0x00000000f5580000)
  object space 241664K, 14% used [0x00000000e0000000,0x00000000e21f5848,0x00000000eec00000)
 Metaspace       used 64393K, capacity 66316K, committed 66456K, reserved 1107968K
  class space    used 8294K, capacity 8850K, committed 8872K, reserved 1048576K
Event: 54.748 GC heap after
Heap after GC invocations=17 (full 3):
 PSYoungGen      total 154112K, used 12276K [0x00000000f5580000, 0x0000000100000000, 0x0000000100000000)
  eden space 141824K, 0% used [0x00000000f5580000,0x00000000f5580000,0x00000000fe000000)
  from space 12288K, 99% used [0x00000000ff400000,0x00000000ffffd1d8,0x0000000100000000)
  to   space 16384K, 0% used [0x00000000fe000000,0x00000000fe000000,0x00000000ff000000)
 ParOldGen       total 241664K, used 35403K [0x00000000e0000000, 0x00000000eec00000, 0x00000000f5580000)
  object space 241664K, 14% used [0x00000000e0000000,0x00000000e2292f80,0x00000000eec00000)
 Metaspace       used 64393K, capacity 66316K, committed 66456K, reserved 1107968K
  class space    used 8294K, capacity 8850K, committed 8872K, reserved 1048576K
}
Event: 57.104 GC heap before
{Heap before GC invocations=18 (full 3):
 PSYoungGen      total 154112K, used 154008K [0x00000000f5580000, 0x0000000100000000, 0x0000000100000000)
  eden space 141824K, 99% used [0x00000000f5580000,0x00000000fdfe8e40,0x00000000fe000000)
  from space 12288K, 99% used [0x00000000ff400000,0x00000000ffffd1d8,0x0000000100000000)
  to   space 16384K, 0% used [0x00000000fe000000,0x00000000fe000000,0x00000000ff000000)
 ParOldGen       total 241664K, used 35403K [0x00000000e0000000, 0x00000000eec00000, 0x00000000f5580000)
  object space 241664K, 14% used [0x00000000e0000000,0x00000000e2292f80,0x00000000eec00000)
 Metaspace       used 70747K, capacity 73050K, committed 73112K, reserved 1112064K
  class space    used 9247K, capacity 9835K, committed 9896K, reserved 1048576K
Event: 57.128 GC heap after
Heap after GC invocations=18 (full 3):
 PSYoungGen      total 158208K, used 16380K [0x00000000f5580000, 0x0000000100000000, 0x0000000100000000)
  eden space 141824K, 0% used [0x00000000f5580000,0x00000000f5580000,0x00000000fe000000)
  from space 16384K, 99% used [0x00000000fe000000,0x00000000fefff058,0x00000000ff000000)
  to   space 16384K, 0% used [0x00000000ff000000,0x00000000ff000000,0x0000000100000000)
 ParOldGen       total 241664K, used 39435K [0x00000000e0000000, 0x00000000eec00000, 0x00000000f5580000)
  object space 241664K, 16% used [0x00000000e0000000,0x00000000e2682d10,0x00000000eec00000)
 Metaspace       used 70747K, capacity 73050K, committed 73112K, reserved 1112064K
  class space    used 9247K, capacity 9835K, committed 9896K, reserved 1048576K
}
Event: 60.072 GC heap before
{Heap before GC invocations=19 (full 3):
 PSYoungGen      total 158208K, used 158204K [0x00000000f5580000, 0x0000000100000000, 0x0000000100000000)
  eden space 141824K, 100% used [0x00000000f5580000,0x00000000fe000000,0x00000000fe000000)
  from space 16384K, 99% used [0x00000000fe000000,0x00000000fefff058,0x00000000ff000000)
  to   space 16384K, 0% used [0x00000000ff000000,0x00000000ff000000,0x0000000100000000)
 ParOldGen       total 241664K, used 39435K [0x00000000e0000000, 0x00000000eec00000, 0x00000000f5580000)
  object space 241664K, 16% used [0x00000000e0000000,0x00000000e2682d10,0x00000000eec00000)
 Metaspace       used 71238K, capacity 73564K, committed 73624K, reserved 1114112K
  class space    used 9286K, capacity 9882K, committed 9896K, reserved 1048576K
Event: 60.089 GC heap after
Heap after GC invocations=19 (full 3):
 PSYoungGen      total 150016K, used 15293K [0x00000000f5580000, 0x0000000100000000, 0x0000000100000000)
  eden space 133632K, 0% used [0x00000000f5580000,0x00000000f5580000,0x00000000fd800000)
  from space 16384K, 93% used [0x00000000ff000000,0x00000000ffeef710,0x0000000100000000)
  to   space 20480K, 0% used [0x00000000fd800000,0x00000000fd800000,0x00000000fec00000)
 ParOldGen       total 241664K, used 39443K [0x00000000e0000000, 0x00000000eec00000, 0x00000000f5580000)
  object space 241664K, 16% used [0x00000000e0000000,0x00000000e2684d10,0x00000000eec00000)
 Metaspace       used 71238K, capacity 73564K, committed 73624K, reserved 1114112K
  class space    used 9286K, capacity 9882K, committed 9896K, reserved 1048576K
}
Event: 63.142 GC heap before
{Heap before GC invocations=20 (full 3):
 PSYoungGen      total 150016K, used 148925K [0x00000000f5580000, 0x0000000100000000, 0x0000000100000000)
  eden space 133632K, 100% used [0x00000000f5580000,0x00000000fd800000,0x00000000fd800000)
  from space 16384K, 93% used [0x00000000ff000000,0x00000000ffeef710,0x0000000100000000)
  to   space 20480K, 0% used [0x00000000fd800000,0x00000000fd800000,0x00000000fec00000)
 ParOldGen       total 241664K, used 39443K [0x00000000e0000000, 0x00000000eec00000, 0x00000000f5580000)
  object space 241664K, 16% used [0x00000000e0000000,0x00000000e2684d10,0x00000000eec00000)
 Metaspace       used 71242K, capacity 73628K, committed 73880K, reserved 1114112K
  class space    used 9286K, capacity 9882K, committed 9896K, reserved 1048576K
Event: 63.158 GC heap after
Heap after GC invocations=20 (full 3):
 PSYoungGen      total 154112K, used 14761K [0x00000000f5580000, 0x0000000100000000, 0x0000000100000000)
  eden space 133632K, 0% used [0x00000000f5580000,0x00000000f5580000,0x00000000fd800000)
  from space 20480K, 72% used [0x00000000fd800000,0x00000000fe66a5d0,0x00000000fec00000)
  to   space 20480K, 0% used [0x00000000fec00000,0x00000000fec00000,0x0000000100000000)
 ParOldGen       total 241664K, used 39451K [0x00000000e0000000, 0x00000000eec00000, 0x00000000f5580000)
  object space 241664K, 16% used [0x00000000e0000000,0x00000000e2686d10,0x00000000eec00000)
 Metaspace       used 71242K, capacity 73628K, committed 73880K, reserved 1114112K
  class space    used 9286K, capacity 9882K, committed 9896K, reserved 1048576K
}
Event: 65.499 GC heap before
{Heap before GC invocations=21 (full 3):
 PSYoungGen      total 154112K, used 148393K [0x00000000f5580000, 0x0000000100000000, 0x0000000100000000)
  eden space 133632K, 100% used [0x00000000f5580000,0x00000000fd800000,0x00000000fd800000)
  from space 20480K, 72% used [0x00000000fd800000,0x00000000fe66a5d0,0x00000000fec00000)
  to   space 20480K, 0% used [0x00000000fec00000,0x00000000fec00000,0x0000000100000000)
 ParOldGen       total 241664K, used 39451K [0x00000000e0000000, 0x00000000eec00000, 0x00000000f5580000)
  object space 241664K, 16% used [0x00000000e0000000,0x00000000e2686d10,0x00000000eec00000)
 Metaspace       used 71636K, capacity 73994K, committed 74264K, reserved 1114112K
  class space    used 9319K, capacity 9917K, committed 10024K, reserved 1048576K
Event: 65.539 GC heap after
Heap after GC invocations=21 (full 3):
 PSYoungGen      total 143872K, used 20454K [0x00000000f5580000, 0x0000000100000000, 0x0000000100000000)
  eden space 123392K, 0% used [0x00000000f5580000,0x00000000f5580000,0x00000000fce00000)
  from space 20480K, 99% used [0x00000000fec00000,0x00000000ffff9a20,0x0000000100000000)
  to   space 25600K, 0% used [0x00000000fce00000,0x00000000fce00000,0x00000000fe700000)
 ParOldGen       total 241664K, used 45892K [0x00000000e0000000, 0x00000000eec00000, 0x00000000f5580000)
  object space 241664K, 18% used [0x00000000e0000000,0x00000000e2cd13f8,0x00000000eec00000)
 Metaspace       used 71636K, capacity 73994K, committed 74264K, reserved 1114112K
  class space    used 9319K, capacity 9917K, committed 10024K, reserved 1048576K
}
Event: 67.741 GC heap before
{Heap before GC invocations=22 (full 3):
 PSYoungGen      total 143872K, used 143846K [0x00000000f5580000, 0x0000000100000000, 0x0000000100000000)
  eden space 123392K, 100% used [0x00000000f5580000,0x00000000fce00000,0x00000000fce00000)
  from space 20480K, 99% used [0x00000000fec00000,0x00000000ffff9a20,0x0000000100000000)
  to   space 25600K, 0% used [0x00000000fce00000,0x00000000fce00000,0x00000000fe700000)
 ParOldGen       total 241664K, used 45892K [0x00000000e0000000, 0x00000000eec00000, 0x00000000f5580000)
  object space 241664K, 18% used [0x00000000e0000000,0x00000000e2cd13f8,0x00000000eec00000)
 Metaspace       used 71728K, capacity 74144K, committed 74264K, reserved 1114112K
  class space    used 9325K, capacity 9918K, committed 10024K, reserved 1048576K
Event: 67.771 GC heap after
Heap after GC invocations=22 (full 3):
 PSYoungGen      total 145920K, used 22165K [0x00000000f5580000, 0x0000000100000000, 0x0000000100000000)
  eden space 123392K, 0% used [0x00000000f5580000,0x00000000f5580000,0x00000000fce00000)
  from space 22528K, 98% used [0x00000000fce00000,0x00000000fe3a57f0,0x00000000fe400000)
  to   space 27648K, 0% used [0x00000000fe500000,0x00000000fe500000,0x0000000100000000)
 ParOldGen       total 241664K, used 45900K [0x00000000e0000000, 0x00000000eec00000, 0x00000000f5580000)
  object space 241664K, 18% used [0x00000000e0000000,0x00000000e2cd33f8,0x00000000eec00000)
 Metaspace       used 71728K, capacity 74144K, committed 74264K, reserved 1114112K
  class space    used 9325K, capacity 9918K, committed 10024K, reserved 1048576K
}
Event: 69.049 GC heap before
{Heap before GC invocations=23 (full 3):
 PSYoungGen      total 145920K, used 145557K [0x00000000f5580000, 0x0000000100000000, 0x0000000100000000)
  eden space 123392K, 100% used [0x00000000f5580000,0x00000000fce00000,0x00000000fce00000)
  from space 22528K, 98% used [0x00000000fce00000,0x00000000fe3a57f0,0x00000000fe400000)
  to   space 27648K, 0% used [0x00000000fe500000,0x00000000fe500000,0x0000000100000000)
 ParOldGen       total 241664K, used 45900K [0x00000000e0000000, 0x00000000eec00000, 0x00000000f5580000)
  object space 241664K, 18% used [0x00000000e0000000,0x00000000e2cd33f8,0x00000000eec00000)
 Metaspace       used 71728K, capacity 74144K, committed 74264K, reserved 1114112K
  class space    used 9325K, capacity 9918K, committed 10024K, reserved 1048576K
Event: 69.073 GC heap after
Heap after GC invocations=23 (full 3):
 PSYoungGen      total 143872K, used 22252K [0x00000000f5580000, 0x0000000100000000, 0x0000000100000000)
  eden space 116224K, 0% used [0x00000000f5580000,0x00000000f5580000,0x00000000fc700000)
  from space 27648K, 80% used [0x00000000fe500000,0x00000000ffabb050,0x0000000100000000)
  to   space 29184K, 0% used [0x00000000fc700000,0x00000000fc700000,0x00000000fe380000)
 ParOldGen       total 241664K, used 45908K [0x00000000e0000000, 0x00000000eec00000, 0x00000000f5580000)
  object space 241664K, 18% used [0x00000000e0000000,0x00000000e2cd53f8,0x00000000eec00000)
 Metaspace       used 71728K, capacity 74144K, committed 74264K, reserved 1114112K
  class space    used 9325K, capacity 9918K, committed 10024K, reserved 1048576K
}
Event: 69.840 GC heap before
{Heap before GC invocations=24 (full 3):
 PSYoungGen      total 143872K, used 138476K [0x00000000f5580000, 0x0000000100000000, 0x0000000100000000)
  eden space 116224K, 100% used [0x00000000f5580000,0x00000000fc700000,0x00000000fc700000)
  from space 27648K, 80% used [0x00000000fe500000,0x00000000ffabb050,0x0000000100000000)
  to   space 29184K, 0% used [0x00000000fc700000,0x00000000fc700000,0x00000000fe380000)
 ParOldGen       total 241664K, used 45908K [0x00000000e0000000, 0x00000000eec00000, 0x00000000f5580000)
  object space 241664K, 18% used [0x00000000e0000000,0x00000000e2cd53f8,0x00000000eec00000)
 Metaspace       used 71728K, capacity 74144K, committed 74264K, reserved 1114112K
  class space    used 9325K, capacity 9918K, committed 10024K, reserved 1048576K
Event: 69.863 GC heap after
Heap after GC invocations=24 (full 3):
 PSYoungGen      total 138752K, used 22191K [0x00000000f5580000, 0x0000000100000000, 0x0000000100000000)
  eden space 116224K, 0% used [0x00000000f5580000,0x00000000f5580000,0x00000000fc700000)
  from space 22528K, 98% used [0x00000000fc700000,0x00000000fdcabc00,0x00000000fdd00000)
  to   space 30208K, 0% used [0x00000000fe280000,0x00000000fe280000,0x0000000100000000)
 ParOldGen       total 241664K, used 45908K [0x00000000e0000000, 0x00000000eec00000, 0x00000000f5580000)
  object space 241664K, 18% used [0x00000000e0000000,0x00000000e2cd53f8,0x00000000eec00000)
 Metaspace       used 71728K, capacity 74144K, committed 74264K, reserved 1114112K
  class space    used 9325K, capacity 9918K, committed 10024K, reserved 1048576K
}
Event: 70.534 GC heap before
{Heap before GC invocations=25 (full 3):
 PSYoungGen      total 138752K, used 138415K [0x00000000f5580000, 0x0000000100000000, 0x0000000100000000)
  eden space 116224K, 100% used [0x00000000f5580000,0x00000000fc700000,0x00000000fc700000)
  from space 22528K, 98% used [0x00000000fc700000,0x00000000fdcabc00,0x00000000fdd00000)
  to   space 30208K, 0% used [0x00000000fe280000,0x00000000fe280000,0x0000000100000000)
 ParOldGen       total 241664K, used 45908K [0x00000000e0000000, 0x00000000eec00000, 0x00000000f5580000)
  object space 241664K, 18% used [0x00000000e0000000,0x00000000e2cd53f8,0x00000000eec00000)
 Metaspace       used 71728K, capacity 74144K, committed 74264K, reserved 1114112K
  class space    used 9325K, capacity 9918K, committed 10024K, reserved 1048576K
Event: 70.557 GC heap after
Heap after GC invocations=25 (full 3):
 PSYoungGen      total 142336K, used 22213K [0x00000000f5580000, 0x0000000100000000, 0x0000000100000000)
  eden space 112128K, 0% used [0x00000000f5580000,0x00000000f5580000,0x00000000fc300000)
  from space 30208K, 73% used [0x00000000fe280000,0x00000000ff8315e0,0x0000000100000000)
  to   space 31232K, 0% used [0x00000000fc300000,0x00000000fc300000,0x00000000fe180000)
 ParOldGen       total 241664K, used 45908K [0x00000000e0000000, 0x00000000eec00000, 0x00000000f5580000)
  object space 241664K, 18% used [0x00000000e0000000,0x00000000e2cd53f8,0x00000000eec00000)
 Metaspace       used 71728K, capacity 74144K, committed 74264K, reserved 1114112K
  class space    used 9325K, capacity 9918K, committed 10024K, reserved 1048576K
}
Event: 93.793 GC heap before
{Heap before GC invocations=26 (full 3):
 PSYoungGen      total 142336K, used 134341K [0x00000000f5580000, 0x0000000100000000, 0x0000000100000000)
  eden space 112128K, 100% used [0x00000000f5580000,0x00000000fc300000,0x00000000fc300000)
  from space 30208K, 73% used [0x00000000fe280000,0x00000000ff8315e0,0x0000000100000000)
  to   space 31232K, 0% used [0x00000000fc300000,0x00000000fc300000,0x00000000fe180000)
 ParOldGen       total 241664K, used 45908K [0x00000000e0000000, 0x00000000eec00000, 0x00000000f5580000)
  object space 241664K, 18% used [0x00000000e0000000,0x00000000e2cd53f8,0x00000000eec00000)
 Metaspace       used 75816K, capacity 78364K, committed 78616K, reserved 1118208K
  class space    used 9826K, capacity 10438K, committed 10536K, reserved 1048576K
Event: 93.852 GC heap after
Heap after GC invocations=26 (full 3):
 PSYoungGen      total 143360K, used 15170K [0x00000000f5580000, 0x00000000fff00000, 0x0000000100000000)
  eden space 112128K, 0% used [0x00000000f5580000,0x00000000f5580000,0x00000000fc300000)
  from space 31232K, 48% used [0x00000000fc300000,0x00000000fd1d0ae8,0x00000000fe180000)
  to   space 30208K, 0% used [0x00000000fe180000,0x00000000fe180000,0x00000000fff00000)
 ParOldGen       total 241664K, used 59495K [0x00000000e0000000, 0x00000000eec00000, 0x00000000f5580000)
  object space 241664K, 24% used [0x00000000e0000000,0x00000000e3a19e10,0x00000000eec00000)
 Metaspace       used 75816K, capacity 78364K, committed 78616K, reserved 1118208K
  class space    used 9826K, capacity 10438K, committed 10536K, reserved 1048576K
}
Event: 94.404 GC heap before
{Heap before GC invocations=27 (full 3):
 PSYoungGen      total 143360K, used 126836K [0x00000000f5580000, 0x00000000fff00000, 0x0000000100000000)
  eden space 112128K, 99% used [0x00000000f5580000,0x00000000fc28c8e8,0x00000000fc300000)
  from space 31232K, 48% used [0x00000000fc300000,0x00000000fd1d0ae8,0x00000000fe180000)
  to   space 30208K, 0% used [0x00000000fe180000,0x00000000fe180000,0x00000000fff00000)
 ParOldGen       total 241664K, used 59495K [0x00000000e0000000, 0x00000000eec00000, 0x00000000f5580000)
  object space 241664K, 24% used [0x00000000e0000000,0x00000000e3a19e10,0x00000000eec00000)
 Metaspace       used 76999K, capacity 79756K, committed 80024K, reserved 1118208K
  class space    used 10010K, capacity 10644K, committed 10664K, reserved 1048576K
Event: 94.421 GC heap after
Heap after GC invocations=27 (full 3):
 PSYoungGen      total 134144K, used 30181K [0x00000000f5580000, 0x0000000100000000, 0x0000000100000000)
  eden space 103936K, 0% used [0x00000000f5580000,0x00000000f5580000,0x00000000fbb00000)
  from space 30208K, 99% used [0x00000000fe180000,0x00000000ffef96b0,0x00000000fff00000)
  to   space 35328K, 0% used [0x00000000fbb00000,0x00000000fbb00000,0x00000000fdd80000)
 ParOldGen       total 241664K, used 62932K [0x00000000e0000000, 0x00000000eec00000, 0x00000000f5580000)
  object space 241664K, 26% used [0x00000000e0000000,0x00000000e3d75388,0x00000000eec00000)
 Metaspace       used 76999K, capacity 79756K, committed 80024K, reserved 1118208K
  class space    used 10010K, capacity 10644K, committed 10664K, reserved 1048576K
}
Event: 94.893 GC heap before
{Heap before GC invocations=28 (full 3):
 PSYoungGen      total 134144K, used 134117K [0x00000000f5580000, 0x0000000100000000, 0x0000000100000000)
  eden space 103936K, 100% used [0x00000000f5580000,0x00000000fbb00000,0x00000000fbb00000)
  from space 30208K, 99% used [0x00000000fe180000,0x00000000ffef96b0,0x00000000fff00000)
  to   space 35328K, 0% used [0x00000000fbb00000,0x00000000fbb00000,0x00000000fdd80000)
 ParOldGen       total 241664K, used 62932K [0x00000000e0000000, 0x00000000eec00000, 0x00000000f5580000)
  object space 241664K, 26% used [0x00000000e0000000,0x00000000e3d75388,0x00000000eec00000)
 Metaspace       used 77572K, capacity 80402K, committed 80664K, reserved 1120256K
  class space    used 10060K, capacity 10709K, committed 10792K, reserved 1048576K
Event: 94.918 GC heap after
Heap after GC invocations=28 (full 3):
 PSYoungGen      total 138752K, used 34335K [0x00000000f5580000, 0x0000000100000000, 0x0000000100000000)
  eden space 103936K, 0% used [0x00000000f5580000,0x00000000f5580000,0x00000000fbb00000)
  from space 34816K, 98% used [0x00000000fbb00000,0x00000000fdc87ea0,0x00000000fdd00000)
  to   space 35840K, 0% used [0x00000000fdd00000,0x00000000fdd00000,0x0000000100000000)
 ParOldGen       total 241664K, used 69724K [0x00000000e0000000, 0x00000000eec00000, 0x00000000f5580000)
  object space 241664K, 28% used [0x00000000e0000000,0x00000000e4417398,0x00000000eec00000)
 Metaspace       used 77572K, capacity 80402K, committed 80664K, reserved 1120256K
  class space    used 10060K, capacity 10709K, committed 10792K, reserved 1048576K
}
Event: 95.575 GC heap before
{Heap before GC invocations=29 (full 3):
 PSYoungGen      total 138752K, used 138271K [0x00000000f5580000, 0x0000000100000000, 0x0000000100000000)
  eden space 103936K, 100% used [0x00000000f5580000,0x00000000fbb00000,0x00000000fbb00000)
  from space 34816K, 98% used [0x00000000fbb00000,0x00000000fdc87ea0,0x00000000fdd00000)
  to   space 35840K, 0% used [0x00000000fdd00000,0x00000000fdd00000,0x0000000100000000)
 ParOldGen       total 241664K, used 69725K [0x00000000e0000000, 0x00000000eec00000, 0x00000000f5580000)
  object space 241664K, 28% used [0x00000000e0000000,0x00000000e4417478,0x00000000eec00000)
 Metaspace       used 77669K, capacity 80414K, committed 80664K, reserved 1120256K
  class space    used 10064K, capacity 10711K, committed 10792K, reserved 1048576K
Event: 95.593 GC heap after
Heap after GC invocations=29 (full 3):
 PSYoungGen      total 124416K, used 34692K [0x00000000f5580000, 0x0000000100000000, 0x0000000100000000)
  eden space 88576K, 0% used [0x00000000f5580000,0x00000000f5580000,0x00000000fac00000)
  from space 35840K, 96% used [0x00000000fdd00000,0x00000000ffee12e0,0x0000000100000000)
  to   space 43008K, 0% used [0x00000000fac00000,0x00000000fac00000,0x00000000fd600000)
 ParOldGen       total 241664K, used 69757K [0x00000000e0000000, 0x00000000eec00000, 0x00000000f5580000)
  object space 241664K, 28% used [0x00000000e0000000,0x00000000e441f478,0x00000000eec00000)
 Metaspace       used 77669K, capacity 80414K, committed 80664K, reserved 1120256K
  class space    used 10064K, capacity 10711K, committed 10792K, reserved 1048576K
}
Event: 99.983 GC heap before
{Heap before GC invocations=30 (full 3):
 PSYoungGen      total 124416K, used 123268K [0x00000000f5580000, 0x0000000100000000, 0x0000000100000000)
  eden space 88576K, 100% used [0x00000000f5580000,0x00000000fac00000,0x00000000fac00000)
  from space 35840K, 96% used [0x00000000fdd00000,0x00000000ffee12e0,0x0000000100000000)
  to   space 43008K, 0% used [0x00000000fac00000,0x00000000fac00000,0x00000000fd600000)
 ParOldGen       total 241664K, used 69760K [0x00000000e0000000, 0x00000000eec00000, 0x00000000f5580000)
  object space 241664K, 28% used [0x00000000e0000000,0x00000000e44200f0,0x00000000eec00000)
 Metaspace       used 77958K, capacity 80822K, committed 81176K, reserved 1120256K
  class space    used 10068K, capacity 10715K, committed 10792K, reserved 1048576K
Event: 100.033 GC heap after
Heap after GC invocations=30 (full 3):
 PSYoungGen      total 95232K, used 6318K [0x00000000f5580000, 0x0000000100000000, 0x0000000100000000)
  eden space 88576K, 0% used [0x00000000f5580000,0x00000000f5580000,0x00000000fac00000)
  from space 6656K, 94% used [0x00000000fac00000,0x00000000fb22b910,0x00000000fb280000)
  to   space 43520K, 0% used [0x00000000fd580000,0x00000000fd580000,0x0000000100000000)
 ParOldGen       total 241664K, used 75017K [0x00000000e0000000, 0x00000000eec00000, 0x00000000f5580000)
  object space 241664K, 31% used [0x00000000e0000000,0x00000000e4942620,0x00000000eec00000)
 Metaspace       used 77958K, capacity 80822K, committed 81176K, reserved 1120256K
  class space    used 10068K, capacity 10715K, committed 10792K, reserved 1048576K
}
Event: 100.758 GC heap before
{Heap before GC invocations=31 (full 3):
 PSYoungGen      total 95232K, used 94894K [0x00000000f5580000, 0x0000000100000000, 0x0000000100000000)
  eden space 88576K, 100% used [0x00000000f5580000,0x00000000fac00000,0x00000000fac00000)
  from space 6656K, 94% used [0x00000000fac00000,0x00000000fb22b910,0x00000000fb280000)
  to   space 43520K, 0% used [0x00000000fd580000,0x00000000fd580000,0x0000000100000000)
 ParOldGen       total 241664K, used 75017K [0x00000000e0000000, 0x00000000eec00000, 0x00000000f5580000)
  object space 241664K, 31% used [0x00000000e0000000,0x00000000e4942620,0x00000000eec00000)
 Metaspace       used 77969K, capacity 80822K, committed 81176K, reserved 1120256K
  class space    used 10068K, capacity 10715K, committed 10792K, reserved 1048576K
Event: 100.764 GC heap after
Heap after GC invocations=31 (full 3):
 PSYoungGen      total 130048K, used 1601K [0x00000000f5580000, 0x0000000100000000, 0x0000000100000000)
  eden space 86528K, 0% used [0x00000000f5580000,0x00000000f5580000,0x00000000faa00000)
  from space 43520K, 3% used [0x00000000fd580000,0x00000000fd7106a0,0x0000000100000000)
  to   space 44032K, 0% used [0x00000000faa00000,0x00000000faa00000,0x00000000fd500000)
 ParOldGen       total 241664K, used 78445K [0x00000000e0000000, 0x00000000eec00000, 0x00000000f5580000)
  object space 241664K, 32% used [0x00000000e0000000,0x00000000e4c9b440,0x00000000eec00000)
 Metaspace       used 77969K, capacity 80822K, committed 81176K, reserved 1120256K
  class space    used 10068K, capacity 10715K, committed 10792K, reserved 1048576K
}
Event: 101.252 GC heap before
{Heap before GC invocations=32 (full 3):
 PSYoungGen      total 130048K, used 87852K [0x00000000f5580000, 0x0000000100000000, 0x0000000100000000)
  eden space 86528K, 99% used [0x00000000f5580000,0x00000000fa9ba990,0x00000000faa00000)
  from space 43520K, 3% used [0x00000000fd580000,0x00000000fd7106a0,0x0000000100000000)
  to   space 44032K, 0% used [0x00000000faa00000,0x00000000faa00000,0x00000000fd500000)
 ParOldGen       total 241664K, used 78445K [0x00000000e0000000, 0x00000000eec00000, 0x00000000f5580000)
  object space 241664K, 32% used [0x00000000e0000000,0x00000000e4c9b440,0x00000000eec00000)
 Metaspace       used 77984K, capacity 80822K, committed 81176K, reserved 1120256K
  class space    used 10068K, capacity 10715K, committed 10792K, reserved 1048576K
Event: 101.257 GC heap after
Heap after GC invocations=32 (full 3):
 PSYoungGen      total 88064K, used 1277K [0x00000000f5580000, 0x0000000100000000, 0x0000000100000000)
  eden space 86528K, 0% used [0x00000000f5580000,0x00000000f5580000,0x00000000faa00000)
  from space 1536K, 83% used [0x00000000faa00000,0x00000000fab3f7b8,0x00000000fab80000)
  to   space 44544K, 0% used [0x00000000fd480000,0x00000000fd480000,0x0000000100000000)
 ParOldGen       total 241664K, used 79398K [0x00000000e0000000, 0x00000000eec00000, 0x00000000f5580000)
  object space 241664K, 32% used [0x00000000e0000000,0x00000000e4d89a68,0x00000000eec00000)
 Metaspace       used 77984K, capacity 80822K, committed 81176K, reserved 1120256K
  class space    used 10068K, capacity 10715K, committed 10792K, reserved 1048576K
}
Event: 101.444 GC heap before
{Heap before GC invocations=33 (full 3):
 PSYoungGen      total 88064K, used 87388K [0x00000000f5580000, 0x0000000100000000, 0x0000000100000000)
  eden space 86528K, 99% used [0x00000000f5580000,0x00000000fa9979e0,0x00000000faa00000)
  from space 1536K, 83% used [0x00000000faa00000,0x00000000fab3f7b8,0x00000000fab80000)
  to   space 44544K, 0% used [0x00000000fd480000,0x00000000fd480000,0x0000000100000000)
 ParOldGen       total 241664K, used 79398K [0x00000000e0000000, 0x00000000eec00000, 0x00000000f5580000)
  object space 241664K, 32% used [0x00000000e0000000,0x00000000e4d89a68,0x00000000eec00000)
 Metaspace       used 78000K, capacity 80822K, committed 81176K, reserved 1120256K
  class space    used 10068K, capacity 10715K, committed 10792K, reserved 1048576K
Event: 101.453 GC heap after
Heap after GC invocations=33 (full 3):
 PSYoungGen      total 132096K, used 18599K [0x00000000f5580000, 0x0000000100000000, 0x0000000100000000)
  eden space 87552K, 0% used [0x00000000f5580000,0x00000000f5580000,0x00000000fab00000)
  from space 44544K, 41% used [0x00000000fd480000,0x00000000fe6a9dd0,0x0000000100000000)
  to   space 42496K, 0% used [0x00000000fab00000,0x00000000fab00000,0x00000000fd480000)
 ParOldGen       total 241664K, used 80303K [0x00000000e0000000, 0x00000000eec00000, 0x00000000f5580000)
  object space 241664K, 33% used [0x00000000e0000000,0x00000000e4e6bfb0,0x00000000eec00000)
 Metaspace       used 78000K, capacity 80822K, committed 81176K, reserved 1120256K
  class space    used 10068K, capacity 10715K, committed 10792K, reserved 1048576K
}
Event: 101.626 GC heap before
{Heap before GC invocations=34 (full 3):
 PSYoungGen      total 132096K, used 105320K [0x00000000f5580000, 0x0000000100000000, 0x0000000100000000)
  eden space 87552K, 99% used [0x00000000f5580000,0x00000000faa30510,0x00000000fab00000)
  from space 44544K, 41% used [0x00000000fd480000,0x00000000fe6a9dd0,0x0000000100000000)
  to   space 42496K, 0% used [0x00000000fab00000,0x00000000fab00000,0x00000000fd480000)
 ParOldGen       total 241664K, used 90911K [0x00000000e0000000, 0x00000000eec00000, 0x00000000f5580000)
  object space 241664K, 37% used [0x00000000e0000000,0x00000000e58c7f78,0x00000000eec00000)
 Metaspace       used 78019K, capacity 80822K, committed 81176K, reserved 1120256K
  class space    used 10070K, capacity 10715K, committed 10792K, reserved 1048576K
Event: 101.647 GC heap after
Heap after GC invocations=34 (full 3):
 PSYoungGen      total 130048K, used 22822K [0x00000000f5580000, 0x00000000ffe00000, 0x0000000100000000)
  eden space 87552K, 0% used [0x00000000f5580000,0x00000000f5580000,0x00000000fab00000)
  from space 42496K, 53% used [0x00000000fab00000,0x00000000fc149b20,0x00000000fd480000)
  to   space 42496K, 0% used [0x00000000fd480000,0x00000000fd480000,0x00000000ffe00000)
 ParOldGen       total 241664K, used 108439K [0x00000000e0000000, 0x00000000eec00000, 0x00000000f5580000)
  object space 241664K, 44% used [0x00000000e0000000,0x00000000e69e5d38,0x00000000eec00000)
 Metaspace       used 78019K, capacity 80822K, committed 81176K, reserved 1120256K
  class space    used 10070K, capacity 10715K, committed 10792K, reserved 1048576K
}
Event: 102.060 GC heap before
{Heap before GC invocations=35 (full 3):
 PSYoungGen      total 130048K, used 110374K [0x00000000f5580000, 0x00000000ffe00000, 0x0000000100000000)
  eden space 87552K, 100% used [0x00000000f5580000,0x00000000fab00000,0x00000000fab00000)
  from space 42496K, 53% used [0x00000000fab00000,0x00000000fc149b20,0x00000000fd480000)
  to   space 42496K, 0% used [0x00000000fd480000,0x00000000fd480000,0x00000000ffe00000)
 ParOldGen       total 241664K, used 160195K [0x00000000e0000000, 0x00000000eec00000, 0x00000000f5580000)
  object space 241664K, 66% used [0x00000000e0000000,0x00000000e9c70e80,0x00000000eec00000)
 Metaspace       used 78020K, capacity 80822K, committed 81176K, reserved 1120256K
  class space    used 10070K, capacity 10715K, committed 10792K, reserved 1048576K
Event: 102.068 GC heap after
Heap after GC invocations=35 (full 3):
 PSYoungGen      total 130048K, used 448K [0x00000000f5580000, 0x0000000100000000, 0x0000000100000000)
  eden space 87552K, 0% used [0x00000000f5580000,0x00000000f5580000,0x00000000fab00000)
  from space 42496K, 1% used [0x00000000fd480000,0x00000000fd4f0000,0x00000000ffe00000)
  to   space 42496K, 0% used [0x00000000fab00000,0x00000000fab00000,0x00000000fd480000)
 ParOldGen       total 241664K, used 166463K [0x00000000e0000000, 0x00000000eec00000, 0x00000000f5580000)
  object space 241664K, 68% used [0x00000000e0000000,0x00000000ea28fed8,0x00000000eec00000)
 Metaspace       used 78020K, capacity 80822K, committed 81176K, reserved 1120256K
  class space    used 10070K, capacity 10715K, committed 10792K, reserved 1048576K
}
Event: 104.282 GC heap before
{Heap before GC invocations=36 (full 3):
 PSYoungGen      total 130048K, used 88000K [0x00000000f5580000, 0x0000000100000000, 0x0000000100000000)
  eden space 87552K, 100% used [0x00000000f5580000,0x00000000fab00000,0x00000000fab00000)
  from space 42496K, 1% used [0x00000000fd480000,0x00000000fd4f0000,0x00000000ffe00000)
  to   space 42496K, 0% used [0x00000000fab00000,0x00000000fab00000,0x00000000fd480000)
 ParOldGen       total 241664K, used 166815K [0x00000000e0000000, 0x00000000eec00000, 0x00000000f5580000)
  object space 241664K, 69% used [0x00000000e0000000,0x00000000ea2e7cf0,0x00000000eec00000)
 Metaspace       used 78940K, capacity 81930K, committed 82072K, reserved 1120256K
  class space    used 10190K, capacity 10875K, committed 10920K, reserved 1048576K
Event: 104.295 GC heap after
Heap after GC invocations=36 (full 3):
 PSYoungGen      total 130048K, used 3565K [0x00000000f5580000, 0x00000000fff00000, 0x0000000100000000)
  eden space 87552K, 0% used [0x00000000f5580000,0x00000000f5580000,0x00000000fab00000)
  from space 42496K, 8% used [0x00000000fab00000,0x00000000fae7b6e0,0x00000000fd480000)
  to   space 41984K, 0% used [0x00000000fd600000,0x00000000fd600000,0x00000000fff00000)
 ParOldGen       total 241664K, used 167134K [0x00000000e0000000, 0x00000000eec00000, 0x00000000f5580000)
  object space 241664K, 69% used [0x00000000e0000000,0x00000000ea3379f0,0x00000000eec00000)
 Metaspace       used 78940K, capacity 81930K, committed 82072K, reserved 1120256K
  class space    used 10190K, capacity 10875K, committed 10920K, reserved 1048576K
}
Event: 106.236 GC heap before
{Heap before GC invocations=37 (full 3):
 PSYoungGen      total 130048K, used 91117K [0x00000000f5580000, 0x00000000fff00000, 0x0000000100000000)
  eden space 87552K, 100% used [0x00000000f5580000,0x00000000fab00000,0x00000000fab00000)
  from space 42496K, 8% used [0x00000000fab00000,0x00000000fae7b6e0,0x00000000fd480000)
  to   space 41984K, 0% used [0x00000000fd600000,0x00000000fd600000,0x00000000fff00000)
 ParOldGen       total 241664K, used 167207K [0x00000000e0000000, 0x00000000eec00000, 0x00000000f5580000)
  object space 241664K, 69% used [0x00000000e0000000,0x00000000ea349ed0,0x00000000eec00000)
 Metaspace       used 80077K, capacity 83042K, committed 83224K, reserved 1122304K
  class space    used 10339K, capacity 11045K, committed 11048K, reserved 1048576K
Event: 106.248 GC heap after
Heap after GC invocations=37 (full 3):
 PSYoungGen      total 130560K, used 2581K [0x00000000f5580000, 0x00000000ffd80000, 0x0000000100000000)
  eden space 90112K, 0% used [0x00000000f5580000,0x00000000f5580000,0x00000000fad80000)
  from space 40448K, 6% used [0x00000000fd600000,0x00000000fd885690,0x00000000ffd80000)
  to   space 40960K, 0% used [0x00000000fad80000,0x00000000fad80000,0x00000000fd580000)
 ParOldGen       total 241664K, used 169445K [0x00000000e0000000, 0x00000000eec00000, 0x00000000f5580000)
  object space 241664K, 70% used [0x00000000e0000000,0x00000000ea579548,0x00000000eec00000)
 Metaspace       used 80077K, capacity 83042K, committed 83224K, reserved 1122304K
  class space    used 10339K, capacity 11045K, committed 11048K, reserved 1048576K
}
Event: 107.592 GC heap before
{Heap before GC invocations=38 (full 3):
 PSYoungGen      total 130560K, used 92693K [0x00000000f5580000, 0x00000000ffd80000, 0x0000000100000000)
  eden space 90112K, 100% used [0x00000000f5580000,0x00000000fad80000,0x00000000fad80000)
  from space 40448K, 6% used [0x00000000fd600000,0x00000000fd885690,0x00000000ffd80000)
  to   space 40960K, 0% used [0x00000000fad80000,0x00000000fad80000,0x00000000fd580000)
 ParOldGen       total 241664K, used 169472K [0x00000000e0000000, 0x00000000eec00000, 0x00000000f5580000)
  object space 241664K, 70% used [0x00000000e0000000,0x00000000ea580090,0x00000000eec00000)
 Metaspace       used 80338K, capacity 83462K, committed 83608K, reserved 1122304K
  class space    used 10366K, capacity 11053K, committed 11176K, reserved 1048576K
Event: 107.600 GC heap after
Heap after GC invocations=38 (full 3):
 PSYoungGen      total 131072K, used 3160K [0x00000000f5580000, 0x00000000ffe80000, 0x0000000100000000)
  eden space 90112K, 0% used [0x00000000f5580000,0x00000000f5580000,0x00000000fad80000)
  from space 40960K, 7% used [0x00000000fad80000,0x00000000fb096160,0x00000000fd580000)
  to   space 39936K, 0% used [0x00000000fd780000,0x00000000fd780000,0x00000000ffe80000)
 ParOldGen       total 241664K, used 171236K [0x00000000e0000000, 0x00000000eec00000, 0x00000000f5580000)
  object space 241664K, 70% used [0x00000000e0000000,0x00000000ea739080,0x00000000eec00000)
 Metaspace       used 80338K, capacity 83462K, committed 83608K, reserved 1122304K
  class space    used 10366K, capacity 11053K, committed 11176K, reserved 1048576K
}
Event: 107.875 GC heap before
{Heap before GC invocations=39 (full 3):
 PSYoungGen      total 131072K, used 93272K [0x00000000f5580000, 0x00000000ffe80000, 0x0000000100000000)
  eden space 90112K, 100% used [0x00000000f5580000,0x00000000fad80000,0x00000000fad80000)
  from space 40960K, 7% used [0x00000000fad80000,0x00000000fb096160,0x00000000fd580000)
  to   space 39936K, 0% used [0x00000000fd780000,0x00000000fd780000,0x00000000ffe80000)
 ParOldGen       total 241664K, used 171236K [0x00000000e0000000, 0x00000000eec00000, 0x00000000f5580000)
  object space 241664K, 70% used [0x00000000e0000000,0x00000000ea739080,0x00000000eec00000)
 Metaspace       used 80486K, capacity 83592K, committed 83864K, reserved 1122304K
  class space    used 10392K, capacity 11064K, committed 11176K, reserved 1048576K
Event: 107.881 GC heap after
Heap after GC invocations=39 (full 3):
 PSYoungGen      total 132096K, used 1646K [0x00000000f5580000, 0x00000000ffd00000, 0x0000000100000000)
  eden space 93696K, 0% used [0x00000000f5580000,0x00000000f5580000,0x00000000fb100000)
  from space 38400K, 4% used [0x00000000fd780000,0x00000000fd91b9e0,0x00000000ffd00000)
  to   space 38912K, 0% used [0x00000000fb100000,0x00000000fb100000,0x00000000fd700000)
 ParOldGen       total 241664K, used 172055K [0x00000000e0000000, 0x00000000eec00000, 0x00000000f5580000)
  object space 241664K, 71% used [0x00000000e0000000,0x00000000ea805df8,0x00000000eec00000)
 Metaspace       used 80486K, capacity 83592K, committed 83864K, reserved 1122304K
  class space    used 10392K, capacity 11064K, committed 11176K, reserved 1048576K
}
Event: 108.171 GC heap before
{Heap before GC invocations=40 (full 3):
 PSYoungGen      total 132096K, used 95342K [0x00000000f5580000, 0x00000000ffd00000, 0x0000000100000000)
  eden space 93696K, 100% used [0x00000000f5580000,0x00000000fb100000,0x00000000fb100000)
  from space 38400K, 4% used [0x00000000fd780000,0x00000000fd91b9e0,0x00000000ffd00000)
  to   space 38912K, 0% used [0x00000000fb100000,0x00000000fb100000,0x00000000fd700000)
 ParOldGen       total 241664K, used 172055K [0x00000000e0000000, 0x00000000eec00000, 0x00000000f5580000)
  object space 241664K, 71% used [0x00000000e0000000,0x00000000ea805df8,0x00000000eec00000)
 Metaspace       used 80583K, capacity 83696K, committed 83864K, reserved 1122304K
  class space    used 10402K, capacity 11098K, committed 11176K, reserved 1048576K
Event: 108.176 GC heap after
Heap after GC invocations=40 (full 3):
 PSYoungGen      total 132608K, used 256K [0x00000000f5580000, 0x00000000ffe80000, 0x0000000100000000)
  eden space 93696K, 0% used [0x00000000f5580000,0x00000000f5580000,0x00000000fb100000)
  from space 38912K, 0% used [0x00000000fb100000,0x00000000fb140000,0x00000000fd700000)
  to   space 37888K, 0% used [0x00000000fd980000,0x00000000fd980000,0x00000000ffe80000)
 ParOldGen       total 241664K, used 172316K [0x00000000e0000000, 0x00000000eec00000, 0x00000000f5580000)
  object space 241664K, 71% used [0x00000000e0000000,0x00000000ea847170,0x00000000eec00000)
 Metaspace       used 80583K, capacity 83696K, committed 83864K, reserved 1122304K
  class space    used 10402K, capacity 11098K, committed 11176K, reserved 1048576K
}
Event: 109.538 GC heap before
{Heap before GC invocations=41 (full 3):
 PSYoungGen      total 132608K, used 93952K [0x00000000f5580000, 0x00000000ffe80000, 0x0000000100000000)
  eden space 93696K, 100% used [0x00000000f5580000,0x00000000fb100000,0x00000000fb100000)
  from space 38912K, 0% used [0x00000000fb100000,0x00000000fb140000,0x00000000fd700000)
  to   space 37888K, 0% used [0x00000000fd980000,0x00000000fd980000,0x00000000ffe80000)
 ParOldGen       total 241664K, used 172316K [0x00000000e0000000, 0x00000000eec00000, 0x00000000f5580000)
  object space 241664K, 71% used [0x00000000e0000000,0x00000000ea847170,0x00000000eec00000)
 Metaspace       used 87794K, capacity 91514K, committed 91800K, reserved 1128448K
  class space    used 11539K, capacity 12339K, committed 12456K, reserved 1048576K
Event: 109.551 GC heap after
Heap after GC invocations=41 (full 3):
 PSYoungGen      total 131072K, used 8561K [0x00000000f5580000, 0x00000000ffa00000, 0x0000000100000000)
  eden space 97792K, 0% used [0x00000000f5580000,0x00000000f5580000,0x00000000fb500000)
  from space 33280K, 25% used [0x00000000fd980000,0x00000000fe1dc618,0x00000000ffa00000)
  to   space 35328K, 0% used [0x00000000fb500000,0x00000000fb500000,0x00000000fd780000)
 ParOldGen       total 241664K, used 172436K [0x00000000e0000000, 0x00000000eec00000, 0x00000000f5580000)
  object space 241664K, 71% used [0x00000000e0000000,0x00000000ea865170,0x00000000eec00000)
 Metaspace       used 87794K, capacity 91514K, committed 91800K, reserved 1128448K
  class space    used 11539K, capacity 12339K, committed 12456K, reserved 1048576K
}
Event: 114.543 GC heap before
{Heap before GC invocations=42 (full 3):
 PSYoungGen      total 131072K, used 106353K [0x00000000f5580000, 0x00000000ffa00000, 0x0000000100000000)
  eden space 97792K, 100% used [0x00000000f5580000,0x00000000fb500000,0x00000000fb500000)
  from space 33280K, 25% used [0x00000000fd980000,0x00000000fe1dc618,0x00000000ffa00000)
  to   space 35328K, 0% used [0x00000000fb500000,0x00000000fb500000,0x00000000fd780000)
 ParOldGen       total 241664K, used 172436K [0x00000000e0000000, 0x00000000eec00000, 0x00000000f5580000)
  object space 241664K, 71% used [0x00000000e0000000,0x00000000ea865170,0x00000000eec00000)
 Metaspace       used 88843K, capacity 92630K, committed 92824K, reserved 1130496K
  class space    used 11633K, capacity 12445K, committed 12456K, reserved 1048576K
Event: 114.566 GC heap after
Heap after GC invocations=42 (full 3):
 PSYoungGen      total 133120K, used 13169K [0x00000000f5580000, 0x0000000100000000, 0x0000000100000000)
  eden space 97792K, 0% used [0x00000000f5580000,0x00000000f5580000,0x00000000fb500000)
  from space 35328K, 37% used [0x00000000fb500000,0x00000000fc1dc540,0x00000000fd780000)
  to   space 34304K, 0% used [0x00000000fde80000,0x00000000fde80000,0x0000000100000000)
 ParOldGen       total 241664K, used 175185K [0x00000000e0000000, 0x00000000eec00000, 0x00000000f5580000)
  object space 241664K, 72% used [0x00000000e0000000,0x00000000eab147d0,0x00000000eec00000)
 Metaspace       used 88843K, capacity 92630K, committed 92824K, reserved 1130496K
  class space    used 11633K, capacity 12445K, committed 12456K, reserved 1048576K
}
Event: 117.303 GC heap before
{Heap before GC invocations=43 (full 3):
 PSYoungGen      total 133120K, used 110961K [0x00000000f5580000, 0x0000000100000000, 0x0000000100000000)
  eden space 97792K, 100% used [0x00000000f5580000,0x00000000fb500000,0x00000000fb500000)
  from space 35328K, 37% used [0x00000000fb500000,0x00000000fc1dc540,0x00000000fd780000)
  to   space 34304K, 0% used [0x00000000fde80000,0x00000000fde80000,0x0000000100000000)
 ParOldGen       total 241664K, used 175185K [0x00000000e0000000, 0x00000000eec00000, 0x00000000f5580000)
  object space 241664K, 72% used [0x00000000e0000000,0x00000000eab147d0,0x00000000eec00000)
 Metaspace       used 90459K, capacity 94434K, committed 94616K, reserved 1130496K
  class space    used 11808K, capacity 12687K, committed 12712K, reserved 1048576K
Event: 117.322 GC heap after
Heap after GC invocations=43 (full 3):
 PSYoungGen      total 135168K, used 3803K [0x00000000f5580000, 0x00000000ffc00000, 0x0000000100000000)
  eden space 104960K, 0% used [0x00000000f5580000,0x00000000f5580000,0x00000000fbc00000)
  from space 30208K, 12% used [0x00000000fde80000,0x00000000fe236ca8,0x00000000ffc00000)
  to   space 32768K, 0% used [0x00000000fbc00000,0x00000000fbc00000,0x00000000fdc00000)
 ParOldGen       total 241664K, used 185147K [0x00000000e0000000, 0x00000000eec00000, 0x00000000f5580000)
  object space 241664K, 76% used [0x00000000e0000000,0x00000000eb4ceea8,0x00000000eec00000)
 Metaspace       used 90459K, capacity 94434K, committed 94616K, reserved 1130496K
  class space    used 11808K, capacity 12687K, committed 12712K, reserved 1048576K
}
Event: 117.727 GC heap before
{Heap before GC invocations=44 (full 3):
 PSYoungGen      total 135168K, used 108763K [0x00000000f5580000, 0x00000000ffc00000, 0x0000000100000000)
  eden space 104960K, 100% used [0x00000000f5580000,0x00000000fbc00000,0x00000000fbc00000)
  from space 30208K, 12% used [0x00000000fde80000,0x00000000fe236ca8,0x00000000ffc00000)
  to   space 32768K, 0% used [0x00000000fbc00000,0x00000000fbc00000,0x00000000fdc00000)
 ParOldGen       total 241664K, used 185147K [0x00000000e0000000, 0x00000000eec00000, 0x00000000f5580000)
  object space 241664K, 76% used [0x00000000e0000000,0x00000000eb4ceea8,0x00000000eec00000)
 Metaspace       used 90472K, capacity 94434K, committed 94616K, reserved 1130496K
  class space    used 11808K, capacity 12687K, committed 12712K, reserved 1048576K
Event: 117.735 GC heap after
Heap after GC invocations=44 (full 3):
 PSYoungGen      total 137728K, used 2544K [0x00000000f5580000, 0x0000000100000000, 0x0000000100000000)
  eden space 104960K, 0% used [0x00000000f5580000,0x00000000f5580000,0x00000000fbc00000)
  from space 32768K, 7% used [0x00000000fbc00000,0x00000000fbe7c050,0x00000000fdc00000)
  to   space 31744K, 0% used [0x00000000fe100000,0x00000000fe100000,0x0000000100000000)
 ParOldGen       total 241664K, used 185155K [0x00000000e0000000, 0x00000000eec00000, 0x00000000f5580000)
  object space 241664K, 76% used [0x00000000e0000000,0x00000000eb4d0ea8,0x00000000eec00000)
 Metaspace       used 90472K, capacity 94434K, committed 94616K, reserved 1130496K
  class space    used 11808K, capacity 12687K, committed 12712K, reserved 1048576K
}
Event: 118.046 GC heap before
{Heap before GC invocations=45 (full 3):
 PSYoungGen      total 137728K, used 107504K [0x00000000f5580000, 0x0000000100000000, 0x0000000100000000)
  eden space 104960K, 100% used [0x00000000f5580000,0x00000000fbc00000,0x00000000fbc00000)
  from space 32768K, 7% used [0x00000000fbc00000,0x00000000fbe7c050,0x00000000fdc00000)
  to   space 31744K, 0% used [0x00000000fe100000,0x00000000fe100000,0x0000000100000000)
 ParOldGen       total 241664K, used 185155K [0x00000000e0000000, 0x00000000eec00000, 0x00000000f5580000)
  object space 241664K, 76% used [0x00000000e0000000,0x00000000eb4d0ea8,0x00000000eec00000)
 Metaspace       used 90474K, capacity 94434K, committed 94616K, reserved 1130496K
  class space    used 11809K, capacity 12687K, committed 12712K, reserved 1048576K
Event: 118.058 GC heap after
Heap after GC invocations=45 (full 3):
 PSYoungGen      total 138752K, used 800K [0x00000000f5580000, 0x00000000ffd00000, 0x0000000100000000)
  eden space 110080K, 0% used [0x00000000f5580000,0x00000000f5580000,0x00000000fc100000)
  from space 28672K, 2% used [0x00000000fe100000,0x00000000fe1c8000,0x00000000ffd00000)
  to   space 30720K, 0% used [0x00000000fc100000,0x00000000fc100000,0x00000000fdf00000)
 ParOldGen       total 241664K, used 187361K [0x00000000e0000000, 0x00000000eec00000, 0x00000000f5580000)
  object space 241664K, 77% used [0x00000000e0000000,0x00000000eb6f8530,0x00000000eec00000)
 Metaspace       used 90474K, capacity 94434K, committed 94616K, reserved 1130496K
  class space    used 11809K, capacity 12687K, committed 12712K, reserved 1048576K
}
Event: 118.811 GC heap before
{Heap before GC invocations=46 (full 3):
 PSYoungGen      total 138752K, used 67131K [0x00000000f5580000, 0x00000000ffd00000, 0x0000000100000000)
  eden space 110080K, 60% used [0x00000000f5580000,0x00000000f9646ce8,0x00000000fc100000)
  from space 28672K, 2% used [0x00000000fe100000,0x00000000fe1c8000,0x00000000ffd00000)
  to   space 30720K, 0% used [0x00000000fc100000,0x00000000fc100000,0x00000000fdf00000)
 ParOldGen       total 241664K, used 187361K [0x00000000e0000000, 0x00000000eec00000, 0x00000000f5580000)
  object space 241664K, 77% used [0x00000000e0000000,0x00000000eb6f8530,0x00000000eec00000)
 Metaspace       used 94585K, capacity 98516K, committed 98600K, reserved 1134592K
  class space    used 12335K, capacity 13210K, committed 13224K, reserved 1048576K
Event: 118.817 GC heap after
Heap after GC invocations=46 (full 3):
 PSYoungGen      total 140800K, used 1642K [0x00000000f5580000, 0x0000000100000000, 0x0000000100000000)
  eden space 110080K, 0% used [0x00000000f5580000,0x00000000f5580000,0x00000000fc100000)
  from space 30720K, 5% used [0x00000000fc100000,0x00000000fc29a988,0x00000000fdf00000)
  to   space 29696K, 0% used [0x00000000fe300000,0x00000000fe300000,0x0000000100000000)
 ParOldGen       total 241664K, used 187393K [0x00000000e0000000, 0x00000000eec00000, 0x00000000f5580000)
  object space 241664K, 77% used [0x00000000e0000000,0x00000000eb700530,0x00000000eec00000)
 Metaspace       used 94585K, capacity 98516K, committed 98600K, reserved 1134592K
  class space    used 12335K, capacity 13210K, committed 13224K, reserved 1048576K
}
Event: 118.817 GC heap before
{Heap before GC invocations=47 (full 4):
 PSYoungGen      total 140800K, used 1642K [0x00000000f5580000, 0x0000000100000000, 0x0000000100000000)
  eden space 110080K, 0% used [0x00000000f5580000,0x00000000f5580000,0x00000000fc100000)
  from space 30720K, 5% used [0x00000000fc100000,0x00000000fc29a988,0x00000000fdf00000)
  to   space 29696K, 0% used [0x00000000fe300000,0x00000000fe300000,0x0000000100000000)
 ParOldGen       total 241664K, used 187393K [0x00000000e0000000, 0x00000000eec00000, 0x00000000f5580000)
  object space 241664K, 77% used [0x00000000e0000000,0x00000000eb700530,0x00000000eec00000)
 Metaspace       used 94585K, capacity 98516K, committed 98600K, reserved 1134592K
  class space    used 12335K, capacity 13210K, committed 13224K, reserved 1048576K

